<?xml version="1.0" encoding="UTF-8"?>
<!-- Generated by org.testng.reporters.JUnitReportReporter -->
<testsuite skipped="0" hostname="NODE253" name="com.crm.qa.testcases.HomePageTest" tests="1" failures="0" timestamp="24 Jan 2018 03:18:02 GMT" time="30.673" errors="0">
  <testcase name="clickOnDealsLinkTest" time="30.673" classname="com.crm.qa.testcases.HomePageTest"/>
</testsuite> <!-- com.crm.qa.testcases.HomePageTest -->
