<?xml version="1.0" encoding="UTF-8"?>
<!-- Generated by org.testng.reporters.JUnitReportReporter -->
<testsuite skipped="0" hostname="NODE253" name="com.crm.qa.testcases.LoginPageTest" tests="1" failures="0" timestamp="23 Jan 2018 22:02:10 GMT" time="35.829" errors="0">
  <testcase name="crmLogoTest" time="35.829" classname="com.crm.qa.testcases.LoginPageTest"/>
</testsuite> <!-- com.crm.qa.testcases.LoginPageTest -->
