<?xml version="1.0" encoding="UTF-8"?>
<!-- Generated by org.testng.reporters.JUnitReportReporter -->
<testsuite skipped="0" hostname="NODE253" name="com.crm.qa.testcases.ContactsPageTest" tests="6" failures="0" timestamp="18 Jan 2018 18:49:35 GMT" time="214.199" errors="0">
  <testcase name="verifyContactsPageLabelTest" time="33.242" classname="com.crm.qa.testcases.ContactsPageTest"/>
  <testcase name="verifyContactsCheckBoxTest" time="32.538" classname="com.crm.qa.testcases.ContactsPageTest"/>
  <testcase name="validateCreateNewContactTest" time="35.129" classname="com.crm.qa.testcases.ContactsPageTest"/>
  <testcase name="validateCreateNewContactTest" time="38.311" classname="com.crm.qa.testcases.ContactsPageTest"/>
  <testcase name="validateCreateNewContactTest" time="38.977" classname="com.crm.qa.testcases.ContactsPageTest"/>
  <testcase name="validateCreateNewContactTest" time="36.002" classname="com.crm.qa.testcases.ContactsPageTest"/>
</testsuite> <!-- com.crm.qa.testcases.ContactsPageTest -->
