<?xml version="1.0" encoding="UTF-8"?>
<!-- Generated by org.testng.reporters.JUnitReportReporter -->
<testsuite skipped="0" hostname="NODE253" name="com.crm.qa.testcases.HomePageTest" tests="1" failures="0" timestamp="24 Jan 2018 03:20:50 GMT" time="22.519" errors="0">
  <testcase name="verifyHomePageTitleTest" time="22.519" classname="com.crm.qa.testcases.HomePageTest"/>
</testsuite> <!-- com.crm.qa.testcases.HomePageTest -->
