<?xml version="1.0" encoding="UTF-8"?>
<!-- Generated by org.testng.reporters.JUnitReportReporter -->
<testsuite skipped="0" hostname="NODE253" name="com.crm.qa.testcases.LoginPageTest" tests="1" failures="0" timestamp="24 Jan 2018 03:20:50 GMT" time="13.848" errors="0">
  <testcase name="loginPageTitleTest" time="13.848" classname="com.crm.qa.testcases.LoginPageTest"/>
</testsuite> <!-- com.crm.qa.testcases.LoginPageTest -->
