<?xml version="1.0" encoding="UTF-8"?>
<!-- Generated by org.testng.reporters.JUnitReportReporter -->
<testsuite skipped="0" hostname="NODE253" name="com.crm.qa.testcases.ContactsPageTest" tests="2" failures="0" timestamp="24 Jan 2018 03:20:50 GMT" time="53.668" errors="0">
  <testcase name="verifyContactsPageLabelTest" time="26.627" classname="com.crm.qa.testcases.ContactsPageTest"/>
  <testcase name="verifyContactsCheckBoxTest" time="27.041" classname="com.crm.qa.testcases.ContactsPageTest"/>
</testsuite> <!-- com.crm.qa.testcases.ContactsPageTest -->
